2021-08-16 09:01:58,728 INFO c.t.j.d.JDBCDemo [main] [Africa, America, Asia]
2021-08-16 09:06:16,650 DEBUG c.t.j.d.JDBCDemo [main] 1 
2021-08-16 09:06:16,651 DEBUG c.t.j.d.JDBCDemo [main] Africa
2021-08-16 09:06:16,652 DEBUG c.t.j.d.JDBCDemo [main] 2 
2021-08-16 09:06:16,652 DEBUG c.t.j.d.JDBCDemo [main] America
2021-08-16 09:06:16,652 DEBUG c.t.j.d.JDBCDemo [main] 3 
2021-08-16 09:06:16,652 DEBUG c.t.j.d.JDBCDemo [main] Asia
2021-08-16 09:06:16,652 DEBUG c.t.j.d.JDBCDemo [main] 4 
2021-08-16 09:06:16,652 DEBUG c.t.j.d.JDBCDemo [main] Middle East and Africa
2021-08-16 09:06:16,652 DEBUG c.t.j.d.JDBCDemo [main] 5 
2021-08-16 09:06:16,652 DEBUG c.t.j.d.JDBCDemo [main] India
2021-08-16 09:06:16,654 DEBUG c.t.j.d.JDBCDemo [main] [Africa, America, Asia]
2021-08-16 09:06:51,719 DEBUG c.t.j.d.JDBCDemo [main] 1 Africa
2021-08-16 09:06:51,720 DEBUG c.t.j.d.JDBCDemo [main] 2 America
2021-08-16 09:06:51,720 DEBUG c.t.j.d.JDBCDemo [main] 3 Asia
2021-08-16 09:06:51,721 DEBUG c.t.j.d.JDBCDemo [main] 4 Middle East and Africa
2021-08-16 09:06:51,721 DEBUG c.t.j.d.JDBCDemo [main] 5 India
2021-08-16 09:06:51,723 DEBUG c.t.j.d.JDBCDemo [main] [Africa, America, Asia]
2021-08-16 09:28:47,557 DEBUG c.t.j.d.JDBCDemo [main] 1 Africa
2021-08-16 09:28:47,561 DEBUG c.t.j.d.JDBCDemo [main] 2 America
2021-08-16 09:28:47,561 DEBUG c.t.j.d.JDBCDemo [main] 3 Asia
2021-08-16 09:28:47,562 DEBUG c.t.j.d.JDBCDemo [main] 4 Middle East and Africa
2021-08-16 09:28:47,562 DEBUG c.t.j.d.JDBCDemo [main] 5 India
2021-08-16 09:28:47,564 DEBUG c.t.j.d.JDBCDemo [main] [Africa, America, Asia]
2021-08-16 09:28:47,565 DEBUG c.t.j.d.JDBCDemo [main] 1 Africa
2021-08-16 09:28:47,565 DEBUG c.t.j.d.JDBCDemo [main] 2 America
2021-08-16 09:28:47,566 DEBUG c.t.j.d.JDBCDemo [main] 3 Asia
2021-08-16 09:28:47,566 DEBUG c.t.j.d.JDBCDemo [main] 5 India
2021-08-16 09:28:47,566 DEBUG c.t.j.d.JDBCDemo [main] 4 Middle East and Africa
2021-08-16 09:44:31,800 DEBUG c.t.j.d.JDBCDemo [main] 1 Africa
2021-08-16 09:44:31,804 DEBUG c.t.j.d.JDBCDemo [main] 2 America
2021-08-16 09:44:31,804 DEBUG c.t.j.d.JDBCDemo [main] 3 Asia
2021-08-16 09:44:31,804 DEBUG c.t.j.d.JDBCDemo [main] 4 Middle East and Africa
2021-08-16 09:44:31,804 DEBUG c.t.j.d.JDBCDemo [main] 5 India
2021-08-16 09:44:31,806 DEBUG c.t.j.d.JDBCDemo [main] [Africa, America, Asia]
2021-08-16 09:44:31,809 DEBUG c.t.j.d.JDBCDemo [main] id =1 name=Africa
2021-08-16 09:44:31,809 DEBUG c.t.j.d.JDBCDemo [main] id =2 name=America
2021-08-16 09:44:31,809 DEBUG c.t.j.d.JDBCDemo [main] id =3 name=Asia
2021-08-16 09:44:31,809 DEBUG c.t.j.d.JDBCDemo [main] id =5 name=India
2021-08-16 09:44:31,810 DEBUG c.t.j.d.JDBCDemo [main] id =4 name=Middle East and Africa
